Using pre-set license
Built from '2020.3/staging' branch; Version is '2020.3.26f1 (7298b473bc1a) revision 7510196'; Using compiler version '192528614'; Build Type 'Release'
OS: 'Windows 10  (10.0.19042) 64bit Core' Language: 'en' Physical Memory: 16198 MB
BatchMode: 1, IsHumanControllingUs: 0, StartBugReporterOnCrash: 0, Is64bit: 1, IsPro: 0

COMMAND LINE ARGUMENTS:
C:\Program Files\Unity\Hub\Editor\2020.3.26f1\Editor\Unity.exe
-adb2
-batchMode
-noUpm
-name
AssetImportWorker0
-projectPath
C:/Users/kinga/Desktop/Ahmad Year 2- Software Engineering/SE 2250B/Project/Phase1
-logFile
Logs/AssetImportWorker0.log
-srvPort
60279
Successfully changed project path to: C:/Users/kinga/Desktop/Ahmad Year 2- Software Engineering/SE 2250B/Project/Phase1
C:/Users/kinga/Desktop/Ahmad Year 2- Software Engineering/SE 2250B/Project/Phase1
Using Asset Import Pipeline V2.
Refreshing native plugins compatible for Editor in 115.19 ms, found 3 plugins.
Preloading 0 native plugins for Editor in 0.00 ms.
Initialize engine version: 2020.3.26f1 (7298b473bc1a)
[Subsystems] Discovering subsystems at path C:/Program Files/Unity/Hub/Editor/2020.3.26f1/Editor/Data/Resources/UnitySubsystems
[Subsystems] Discovering subsystems at path C:/Users/kinga/Desktop/Ahmad Year 2- Software Engineering/SE 2250B/Project/Phase1/Assets
GfxDevice: creating device client; threaded=0
Direct3D:
    Version:  Direct3D 11.0 [level 11.1]
    Renderer: NVIDIA GeForce GTX 1650 with Max-Q Design (ID=0x1f91)
    Vendor:   
    VRAM:     3964 MB
    Driver:   27.21.14.6259
Initialize mono
Mono path[0] = 'C:/Program Files/Unity/Hub/Editor/2020.3.26f1/Editor/Data/Managed'
Mono path[1] = 'C:/Program Files/Unity/Hub/Editor/2020.3.26f1/Editor/Data/MonoBleedingEdge/lib/mono/unityjit'
Mono config path = 'C:/Program Files/Unity/Hub/Editor/2020.3.26f1/Editor/Data/MonoBleedingEdge/etc'
Using monoOptions --debugger-agent=transport=dt_socket,embedding=1,server=y,suspend=n,address=127.0.0.1:56584
Begin MonoManager ReloadAssembly
Registering precompiled unity dll's ...
Register platform support module: C:/Program Files/Unity/Hub/Editor/2020.3.26f1/Editor/Data/PlaybackEngines/WebGLSupport/UnityEditor.WebGL.Extensions.dll
Register platform support module: C:/Program Files/Unity/Hub/Editor/2020.3.26f1/Editor/Data/PlaybackEngines/WindowsStandaloneSupport/UnityEditor.WindowsStandalone.Extensions.dll
Registered in 0.015784 seconds.
Native extension for WindowsStandalone target not found
Native extension for WebGL target not found
Refreshing native plugins compatible for Editor in 120.77 ms, found 3 plugins.
Preloading 0 native plugins for Editor in 0.00 ms.
Mono: successfully reloaded assembly
- Completed reload, in  1.924 seconds
Domain Reload Profiling:
	ReloadAssembly (1924ms)
		BeginReloadAssembly (194ms)
			ExecutionOrderSort (0ms)
			DisableScriptedObjects (0ms)
			BackupInstance (0ms)
			ReleaseScriptingObjects (0ms)
			CreateAndSetChildDomain (2ms)
		EndReloadAssembly (1431ms)
			LoadAssemblies (190ms)
			RebuildTransferFunctionScriptingTraits (0ms)
			SetupTypeCache (569ms)
			ReleaseScriptCaches (0ms)
			RebuildScriptCaches (84ms)
			SetupLoadedEditorAssemblies (486ms)
				LogAssemblyErrors (0ms)
				InitializePlatformSupportModulesInManaged (15ms)
				SetLoadedEditorAssemblies (0ms)
				RefreshPlugins (121ms)
				BeforeProcessingInitializeOnLoad (42ms)
				ProcessInitializeOnLoadAttributes (232ms)
				ProcessInitializeOnLoadMethodAttributes (75ms)
				AfterProcessingInitializeOnLoad (0ms)
				EditorAssembliesLoaded (0ms)
			ExecutionOrderSort2 (0ms)
			AwakeInstancesAfterBackupRestoration (0ms)
Platform modules already initialized, skipping
Registering precompiled user dll's ...
Registered in 0.011760 seconds.
Begin MonoManager ReloadAssembly
Native extension for WindowsStandalone target not found
Native extension for WebGL target not found
Refreshing native plugins compatible for Editor in 121.86 ms, found 3 plugins.
Preloading 0 native plugins for Editor in 0.00 ms.
Mono: successfully reloaded assembly
- Completed reload, in  3.251 seconds
Domain Reload Profiling:
	ReloadAssembly (3253ms)
		BeginReloadAssembly (353ms)
			ExecutionOrderSort (0ms)
			DisableScriptedObjects (11ms)
			BackupInstance (0ms)
			ReleaseScriptingObjects (0ms)
			CreateAndSetChildDomain (37ms)
		EndReloadAssembly (2720ms)
			LoadAssemblies (253ms)
			RebuildTransferFunctionScriptingTraits (0ms)
			SetupTypeCache (924ms)
			ReleaseScriptCaches (1ms)
			RebuildScriptCaches (131ms)
			SetupLoadedEditorAssemblies (1091ms)
				LogAssemblyErrors (0ms)
				InitializePlatformSupportModulesInManaged (11ms)
				SetLoadedEditorAssemblies (0ms)
				RefreshPlugins (122ms)
				BeforeProcessingInitializeOnLoad (280ms)
				ProcessInitializeOnLoadAttributes (613ms)
				ProcessInitializeOnLoadMethodAttributes (44ms)
				AfterProcessingInitializeOnLoad (20ms)
				EditorAssembliesLoaded (0ms)
			ExecutionOrderSort2 (0ms)
			AwakeInstancesAfterBackupRestoration (18ms)
Platform modules already initialized, skipping
========================================================================
Worker process is ready to serve import requests
Launched and connected shader compiler UnityShaderCompiler.exe after 0.14 seconds
Refreshing native plugins compatible for Editor in 1.48 ms, found 3 plugins.
Preloading 0 native plugins for Editor in 0.00 ms.
Unloading 2196 Unused Serialized files (Serialized files now loaded: 0)
System memory in use before: 96.8 MB.
System memory in use after: 96.9 MB.

Unloading 28 unused Assets to reduce memory usage. Loaded Objects now: 2633.
Total: 9.213300 ms (FindLiveObjects: 0.616600 ms CreateObjectMapping: 0.326400 ms MarkObjects: 8.061900 ms  DeleteObjects: 0.204800 ms)

AssetImportParameters requested are different than current active one (requested -> active):
  custom:framework-win-MediaFoundation: 216162199b28c13a410421893ffa2e32 -> 
  custom:video-decoder-ogg-theora: a1e56fd34408186e4bbccfd4996cb3dc -> 
  custom:container-muxer-webm: aa71ff27fc2769a1b78a27578f13a17b -> 
  custom:container-demuxer-webm: 4f35f7cbe854078d1ac9338744f61a02 -> 
  custom:container-demuxer-ogg: 62fdf1f143b41e24485cea50d1cbac27 -> 
  custom:video-encoder-webm-vp8: eb34c28f22e8b96e1ab97ce403110664 -> 
  custom:video-decoder-webm-vp8: 9c59270c3fd7afecdb556c50c9e8de78 -> 
  custom:audio-decoder-ogg-vorbis: bf7c407c2cedff20999df2af8eb42d56 -> 
  custom:audio-encoder-webm-vorbis: bf7c407c2cedff20999df2af8eb42d56 -> 
========================================================================
Received Import Request.
  path: Assets/_Sprites/ground.png
  artifactKey: Guid(8748ae663c2ea744ea0987384e7a4156) Importer(815301076,1909f56bfc062723c751e8b465ee728b)
Start importing Assets/_Sprites/ground.png using Guid(8748ae663c2ea744ea0987384e7a4156) Importer(815301076,1909f56bfc062723c751e8b465ee728b)  -> (artifact id: '8a2b21be1378d8c1a7f1cc0a9380d261') in 0.274494 seconds 
  Import took 0.285380 seconds .

========================================================================
Received Import Request.
  Time since last request: 82.721370 seconds.
  path: Assets/_Sprites/Level1Ground.png
  artifactKey: Guid(8cb524fee52bf4146aec7ccaf1e81788) Importer(815301076,1909f56bfc062723c751e8b465ee728b)
Start importing Assets/_Sprites/Level1Ground.png using Guid(8cb524fee52bf4146aec7ccaf1e81788) Importer(815301076,1909f56bfc062723c751e8b465ee728b)  -> (artifact id: '1e3c8b7cc24c74aabd1a31d09a2fd048') in 0.027387 seconds 
  Import took 0.037362 seconds .

========================================================================
Received Import Request.
  Time since last request: 109.506312 seconds.
  path: Assets/_Sprites/Level1Ground.png
  artifactKey: Guid(8cb524fee52bf4146aec7ccaf1e81788) Importer(815301076,1909f56bfc062723c751e8b465ee728b)
Start importing Assets/_Sprites/Level1Ground.png using Guid(8cb524fee52bf4146aec7ccaf1e81788) Importer(815301076,1909f56bfc062723c751e8b465ee728b)  -> (artifact id: 'ca2ea4b5913529c69556702bda70a7fa') in 0.017567 seconds 
  Import took 0.024574 seconds .

========================================================================
Received Import Request.
  Time since last request: 115.693207 seconds.
  path: Assets/_Sprites/Level1Ground.png
  artifactKey: Guid(8cb524fee52bf4146aec7ccaf1e81788) Importer(815301076,1909f56bfc062723c751e8b465ee728b)
Start importing Assets/_Sprites/Level1Ground.png using Guid(8cb524fee52bf4146aec7ccaf1e81788) Importer(815301076,1909f56bfc062723c751e8b465ee728b)  -> (artifact id: 'f81d1b28f8e5a4f23ebcbbdb727643d5') in 0.029462 seconds 
  Import took 0.037359 seconds .

========================================================================
Received Import Request.
  Time since last request: 132.158538 seconds.
  path: Assets/_Sprites/Level1Ground.png
  artifactKey: Guid(8cb524fee52bf4146aec7ccaf1e81788) Importer(815301076,1909f56bfc062723c751e8b465ee728b)
Start importing Assets/_Sprites/Level1Ground.png using Guid(8cb524fee52bf4146aec7ccaf1e81788) Importer(815301076,1909f56bfc062723c751e8b465ee728b)  -> (artifact id: '9e5dabfb317ebecf575c347e78b14c9d') in 0.024990 seconds 
  Import took 0.036214 seconds .

========================================================================
Received Import Request.
  Time since last request: 129.228040 seconds.
  path: Assets/_Sprites/aire.png
  artifactKey: Guid(380918183728e134ea5dccbd1c6f3a0e) Importer(815301076,1909f56bfc062723c751e8b465ee728b)
Start importing Assets/_Sprites/aire.png using Guid(380918183728e134ea5dccbd1c6f3a0e) Importer(815301076,1909f56bfc062723c751e8b465ee728b)  -> (artifact id: '31ca88e9b77d876d394137ae26982b79') in 0.040046 seconds 
  Import took 0.048763 seconds .

========================================================================
Received Import Request.
  Time since last request: 53.663640 seconds.
  path: Assets/_Sprites/aire.png
  artifactKey: Guid(380918183728e134ea5dccbd1c6f3a0e) Importer(815301076,1909f56bfc062723c751e8b465ee728b)
Start importing Assets/_Sprites/aire.png using Guid(380918183728e134ea5dccbd1c6f3a0e) Importer(815301076,1909f56bfc062723c751e8b465ee728b)  -> (artifact id: '87a0c24d962df30760ef30aa74d1fc0d') in 0.024456 seconds 
  Import took 0.031885 seconds .

========================================================================
Received Import Request.
  Time since last request: 706.998936 seconds.
  path: Assets/_Sprites/Level1Ground.png
  artifactKey: Guid(8cb524fee52bf4146aec7ccaf1e81788) Importer(815301076,1909f56bfc062723c751e8b465ee728b)
Start importing Assets/_Sprites/Level1Ground.png using Guid(8cb524fee52bf4146aec7ccaf1e81788) Importer(815301076,1909f56bfc062723c751e8b465ee728b)  -> (artifact id: '9f532adb9ec08364b31dd858e2e9450b') in 0.030560 seconds 
  Import took 0.040225 seconds .

========================================================================
Received Prepare
Registering precompiled user dll's ...
Registered in 0.016088 seconds.
Begin MonoManager ReloadAssembly
Native extension for WindowsStandalone target not found
Native extension for WebGL target not found
Refreshing native plugins compatible for Editor in 1.19 ms, found 3 plugins.
Preloading 0 native plugins for Editor in 0.00 ms.
Mono: successfully reloaded assembly
- Completed reload, in  5.079 seconds
Domain Reload Profiling:
	ReloadAssembly (5080ms)
		BeginReloadAssembly (518ms)
			ExecutionOrderSort (0ms)
			DisableScriptedObjects (24ms)
			BackupInstance (0ms)
			ReleaseScriptingObjects (0ms)
			CreateAndSetChildDomain (117ms)
		EndReloadAssembly (4154ms)
			LoadAssemblies (633ms)
			RebuildTransferFunctionScriptingTraits (0ms)
			SetupTypeCache (1632ms)
			ReleaseScriptCaches (2ms)
			RebuildScriptCaches (113ms)
			SetupLoadedEditorAssemblies (1645ms)
				LogAssemblyErrors (0ms)
				InitializePlatformSupportModulesInManaged (17ms)
				SetLoadedEditorAssemblies (2ms)
				RefreshPlugins (1ms)
				BeforeProcessingInitializeOnLoad (462ms)
				ProcessInitializeOnLoadAttributes (1108ms)
				ProcessInitializeOnLoadMethodAttributes (28ms)
				AfterProcessingInitializeOnLoad (27ms)
				EditorAssembliesLoaded (0ms)
			ExecutionOrderSort2 (0ms)
			AwakeInstancesAfterBackupRestoration (26ms)
Platform modules already initialized, skipping
Refreshing native plugins compatible for Editor in 1.04 ms, found 3 plugins.
Preloading 0 native plugins for Editor in 0.00 ms.
Unloading 2185 Unused Serialized files (Serialized files now loaded: 0)
System memory in use before: 99.2 MB.
System memory in use after: 99.3 MB.

Unloading 17 unused Assets to reduce memory usage. Loaded Objects now: 2648.
Total: 7.226800 ms (FindLiveObjects: 0.317800 ms CreateObjectMapping: 0.194100 ms MarkObjects: 6.679900 ms  DeleteObjects: 0.032600 ms)

AssetImportParameters requested are different than current active one (requested -> active):
  custom:framework-win-MediaFoundation: 216162199b28c13a410421893ffa2e32 -> 
  custom:video-decoder-ogg-theora: a1e56fd34408186e4bbccfd4996cb3dc -> 
  custom:container-muxer-webm: aa71ff27fc2769a1b78a27578f13a17b -> 
  custom:container-demuxer-webm: 4f35f7cbe854078d1ac9338744f61a02 -> 
  custom:container-demuxer-ogg: 62fdf1f143b41e24485cea50d1cbac27 -> 
  custom:video-encoder-webm-vp8: eb34c28f22e8b96e1ab97ce403110664 -> 
  custom:video-decoder-webm-vp8: 9c59270c3fd7afecdb556c50c9e8de78 -> 
  custom:audio-decoder-ogg-vorbis: bf7c407c2cedff20999df2af8eb42d56 -> 
  custom:audio-encoder-webm-vorbis: bf7c407c2cedff20999df2af8eb42d56 -> 
========================================================================
Received Import Request.
  Time since last request: 9768.393422 seconds.
  path: Assets/_Sprites/Stars.png
  artifactKey: Guid(ab9dee5711d5d1a498965ea778bd2cdd) Importer(815301076,1909f56bfc062723c751e8b465ee728b)
Start importing Assets/_Sprites/Stars.png using Guid(ab9dee5711d5d1a498965ea778bd2cdd) Importer(815301076,1909f56bfc062723c751e8b465ee728b)  -> (artifact id: '7ddae91e71a377f89b6fe157c7372a86') in 0.140936 seconds 
  Import took 0.154781 seconds .

========================================================================
Received Import Request.
  Time since last request: 422.255940 seconds.
  path: Assets/_Sprites/House.png
  artifactKey: Guid(7d678976064fbe249a6b539ade42a8c2) Importer(815301076,1909f56bfc062723c751e8b465ee728b)
Start importing Assets/_Sprites/House.png using Guid(7d678976064fbe249a6b539ade42a8c2) Importer(815301076,1909f56bfc062723c751e8b465ee728b)  -> (artifact id: '57d244c629924e08351db04d2842959d') in 0.050212 seconds 
  Import took 0.058695 seconds .

========================================================================
Received Import Request.
  Time since last request: 10.785483 seconds.
  path: Assets/_Sprites/Stars.png
  artifactKey: Guid(7d678976064fbe249a6b539ade42a8c2) Importer(815301076,1909f56bfc062723c751e8b465ee728b)
Start importing Assets/_Sprites/Stars.png using Guid(7d678976064fbe249a6b539ade42a8c2) Importer(815301076,1909f56bfc062723c751e8b465ee728b)  -> (artifact id: 'b833ef40a6ebf7e1250ee2fb30247204') in 0.027032 seconds 
  Import took 0.036261 seconds .

========================================================================
Received Import Request.
  Time since last request: 23.858593 seconds.
  path: Assets/_Sprites/Stars.png
  artifactKey: Guid(7d678976064fbe249a6b539ade42a8c2) Importer(815301076,1909f56bfc062723c751e8b465ee728b)
Start importing Assets/_Sprites/Stars.png using Guid(7d678976064fbe249a6b539ade42a8c2) Importer(815301076,1909f56bfc062723c751e8b465ee728b)  -> (artifact id: 'ad529e9eea26daeaac0a27719bf3cfb4') in 0.042310 seconds 
  Import took 0.055338 seconds .

========================================================================
Received Import Request.
  Time since last request: 43.054159 seconds.
  path: Assets/_Sprites/Stars.png
  artifactKey: Guid(7d678976064fbe249a6b539ade42a8c2) Importer(815301076,1909f56bfc062723c751e8b465ee728b)
Start importing Assets/_Sprites/Stars.png using Guid(7d678976064fbe249a6b539ade42a8c2) Importer(815301076,1909f56bfc062723c751e8b465ee728b)  -> (artifact id: 'c02f83535eba62abe7e468c78e884dc7') in 0.038294 seconds 
  Import took 0.048630 seconds .

========================================================================
Received Import Request.
  Time since last request: 1210.739243 seconds.
  path: Assets/_Sprites/Moon1.png
  artifactKey: Guid(076ed7c8be757f740ab641318301b49a) Importer(815301076,1909f56bfc062723c751e8b465ee728b)
Start importing Assets/_Sprites/Moon1.png using Guid(076ed7c8be757f740ab641318301b49a) Importer(815301076,1909f56bfc062723c751e8b465ee728b)  -> (artifact id: '79f29216ec9fe42470624b37c2da400d') in 0.016881 seconds 
  Import took 0.022895 seconds .

========================================================================
Received Import Request.
  Time since last request: 31.400560 seconds.
  path: Assets/_Sprites/Moon.png
  artifactKey: Guid(c02783d329c038e44a4606d7439b42a7) Importer(815301076,1909f56bfc062723c751e8b465ee728b)
Start importing Assets/_Sprites/Moon.png using Guid(c02783d329c038e44a4606d7439b42a7) Importer(815301076,1909f56bfc062723c751e8b465ee728b)  -> (artifact id: '3b15819de76e5144e41ac0dd5417fbe1') in 0.019584 seconds 
  Import took 0.024010 seconds .

========================================================================
Received Import Request.
  Time since last request: 71.884006 seconds.
  path: Assets/_Phase1Sprites
  artifactKey: Guid(69613ceb458235a43bf0338d05636688) Importer(815301076,1909f56bfc062723c751e8b465ee728b)
Start importing Assets/_Phase1Sprites using Guid(69613ceb458235a43bf0338d05636688) Importer(815301076,1909f56bfc062723c751e8b465ee728b)  -> (artifact id: '6c2569d338938e79103638c16c308eae') in 0.003896 seconds 
  Import took 0.008782 seconds .

========================================================================
Received Import Request.
  Time since last request: 17.290568 seconds.
  path: Assets/_Materials
  artifactKey: Guid(f262564668d98d64aa1a93a3c58237ee) Importer(815301076,1909f56bfc062723c751e8b465ee728b)
Start importing Assets/_Materials using Guid(f262564668d98d64aa1a93a3c58237ee) Importer(815301076,1909f56bfc062723c751e8b465ee728b)  -> (artifact id: 'beee402d6a035391c35e21100fc5207e') in 0.003218 seconds 
  Import took 0.006987 seconds .

========================================================================
Received Import Request.
  Time since last request: 21.662018 seconds.
  path: Packages/com.unity.2d.spriteshape/Editor/ObjectMenuCreation/DefaultAssets/Sprite Shapes/Closed Sprite Shape.prefab
  artifactKey: Guid(c0583b4e855c74b8c82e7b9b5efb5ce9) Importer(815301076,1909f56bfc062723c751e8b465ee728b)
Start importing Packages/com.unity.2d.spriteshape/Editor/ObjectMenuCreation/DefaultAssets/Sprite Shapes/Closed Sprite Shape.prefab using Guid(c0583b4e855c74b8c82e7b9b5efb5ce9) Importer(815301076,1909f56bfc062723c751e8b465ee728b)  -> (artifact id: '2d633a999cd0db5a929fdc6b8a7f437c') in 0.045519 seconds 
  Import took 0.050014 seconds .

========================================================================
Received Import Request.
  Time since last request: 0.000292 seconds.
  path: Packages/com.unity.2d.spriteshape/Editor/ObjectMenuCreation/DefaultAssets/Sprite Shapes/Open Sprite Shape.prefab
  artifactKey: Guid(86ae7de409eb54f619fb1328e4d42480) Importer(815301076,1909f56bfc062723c751e8b465ee728b)
Start importing Packages/com.unity.2d.spriteshape/Editor/ObjectMenuCreation/DefaultAssets/Sprite Shapes/Open Sprite Shape.prefab using Guid(86ae7de409eb54f619fb1328e4d42480) Importer(815301076,1909f56bfc062723c751e8b465ee728b)  -> (artifact id: 'c78a7b90d603d0a33c7b4e3280488626') in 0.032891 seconds 
  Import took 0.038166 seconds .

========================================================================
Received Import Request.
  Time since last request: 1.296605 seconds.
  path: Assets/_Materials/Moon-Light.png
  artifactKey: Guid(eaaa3f32cdff6864193130e945f4a93c) Importer(815301076,1909f56bfc062723c751e8b465ee728b)
Start importing Assets/_Materials/Moon-Light.png using Guid(eaaa3f32cdff6864193130e945f4a93c) Importer(815301076,1909f56bfc062723c751e8b465ee728b)  -> (artifact id: '412d0d0f0d63e7cec2df110e1d1098fc') in 0.020344 seconds 
  Import took 0.024306 seconds .

========================================================================
Received Prepare
Registering precompiled user dll's ...
Registered in 0.004753 seconds.
Begin MonoManager ReloadAssembly
Native extension for WindowsStandalone target not found
Native extension for WebGL target not found
Refreshing native plugins compatible for Editor in 0.76 ms, found 3 plugins.
Preloading 0 native plugins for Editor in 0.00 ms.
Mono: successfully reloaded assembly
- Completed reload, in  1.178 seconds
Domain Reload Profiling:
	ReloadAssembly (1178ms)
		BeginReloadAssembly (122ms)
			ExecutionOrderSort (0ms)
			DisableScriptedObjects (8ms)
			BackupInstance (0ms)
			ReleaseScriptingObjects (0ms)
			CreateAndSetChildDomain (36ms)
		EndReloadAssembly (989ms)
			LoadAssemblies (93ms)
			RebuildTransferFunctionScriptingTraits (0ms)
			SetupTypeCache (329ms)
			ReleaseScriptCaches (1ms)
			RebuildScriptCaches (94ms)
			SetupLoadedEditorAssemblies (333ms)
				LogAssemblyErrors (0ms)
				InitializePlatformSupportModulesInManaged (6ms)
				SetLoadedEditorAssemblies (1ms)
				RefreshPlugins (1ms)
				BeforeProcessingInitializeOnLoad (99ms)
				ProcessInitializeOnLoadAttributes (203ms)
				ProcessInitializeOnLoadMethodAttributes (15ms)
				AfterProcessingInitializeOnLoad (8ms)
				EditorAssembliesLoaded (0ms)
			ExecutionOrderSort2 (0ms)
			AwakeInstancesAfterBackupRestoration (9ms)
Platform modules already initialized, skipping
Refreshing native plugins compatible for Editor in 0.54 ms, found 3 plugins.
Preloading 0 native plugins for Editor in 0.00 ms.
Unloading 2185 Unused Serialized files (Serialized files now loaded: 0)
System memory in use before: 99.2 MB.
System memory in use after: 99.4 MB.

Unloading 17 unused Assets to reduce memory usage. Loaded Objects now: 2658.
Total: 3.808000 ms (FindLiveObjects: 0.194400 ms CreateObjectMapping: 0.076800 ms MarkObjects: 3.514600 ms  DeleteObjects: 0.020900 ms)

AssetImportParameters requested are different than current active one (requested -> active):
  custom:framework-win-MediaFoundation: 216162199b28c13a410421893ffa2e32 -> 
  custom:video-decoder-ogg-theora: a1e56fd34408186e4bbccfd4996cb3dc -> 
  custom:container-muxer-webm: aa71ff27fc2769a1b78a27578f13a17b -> 
  custom:container-demuxer-webm: 4f35f7cbe854078d1ac9338744f61a02 -> 
  custom:container-demuxer-ogg: 62fdf1f143b41e24485cea50d1cbac27 -> 
  custom:video-encoder-webm-vp8: eb34c28f22e8b96e1ab97ce403110664 -> 
  custom:video-decoder-webm-vp8: 9c59270c3fd7afecdb556c50c9e8de78 -> 
  custom:audio-decoder-ogg-vorbis: bf7c407c2cedff20999df2af8eb42d56 -> 
  custom:audio-encoder-webm-vorbis: bf7c407c2cedff20999df2af8eb42d56 -> 
========================================================================
Received Import Request.
  Time since last request: 120.187752 seconds.
  path: Assets/_Scenes
  artifactKey: Guid(e3411bb5f9a100543841394706439869) Importer(815301076,1909f56bfc062723c751e8b465ee728b)
Start importing Assets/_Scenes using Guid(e3411bb5f9a100543841394706439869) Importer(815301076,1909f56bfc062723c751e8b465ee728b)  -> (artifact id: '007d0f8191ccca29cfe28e0bebd9eeab') in 0.007277 seconds 
  Import took 0.012086 seconds .

========================================================================
Received Import Request.
  Time since last request: 10.269760 seconds.
  path: Assets/_Phase1Sprites/Gradient.png
  artifactKey: Guid(3a07492b6c629f0438e452e6fa040d0a) Importer(815301076,1909f56bfc062723c751e8b465ee728b)
Start importing Assets/_Phase1Sprites/Gradient.png using Guid(3a07492b6c629f0438e452e6fa040d0a) Importer(815301076,1909f56bfc062723c751e8b465ee728b)  -> (artifact id: '417b83d596274200df35e048ac5100d6') in 0.047954 seconds 
  Import took 0.051430 seconds .

========================================================================
Received Import Request.
  Time since last request: 1293.118510 seconds.
  path: Assets/_Phase1Sprites/Hawk.png
  artifactKey: Guid(2b9d83519301789409644bf1c79d19f4) Importer(815301076,1909f56bfc062723c751e8b465ee728b)
Start importing Assets/_Phase1Sprites/Hawk.png using Guid(2b9d83519301789409644bf1c79d19f4) Importer(815301076,1909f56bfc062723c751e8b465ee728b)  -> (artifact id: '140b709b6908016c7dae78dac1684cad') in 0.022888 seconds 
  Import took 0.045293 seconds .

========================================================================
Received Prepare
Registering precompiled user dll's ...
Registered in 0.004778 seconds.
Begin MonoManager ReloadAssembly
Native extension for WindowsStandalone target not found
Native extension for WebGL target not found
Refreshing native plugins compatible for Editor in 1.01 ms, found 3 plugins.
Preloading 0 native plugins for Editor in 0.00 ms.
Mono: successfully reloaded assembly
- Completed reload, in  1.169 seconds
Domain Reload Profiling:
	ReloadAssembly (1170ms)
		BeginReloadAssembly (126ms)
			ExecutionOrderSort (0ms)
			DisableScriptedObjects (6ms)
			BackupInstance (0ms)
			ReleaseScriptingObjects (0ms)
			CreateAndSetChildDomain (36ms)
		EndReloadAssembly (977ms)
			LoadAssemblies (97ms)
			RebuildTransferFunctionScriptingTraits (0ms)
			SetupTypeCache (338ms)
			ReleaseScriptCaches (1ms)
			RebuildScriptCaches (83ms)
			SetupLoadedEditorAssemblies (324ms)
				LogAssemblyErrors (0ms)
				InitializePlatformSupportModulesInManaged (8ms)
				SetLoadedEditorAssemblies (1ms)
				RefreshPlugins (1ms)
				BeforeProcessingInitializeOnLoad (96ms)
				ProcessInitializeOnLoadAttributes (197ms)
				ProcessInitializeOnLoadMethodAttributes (11ms)
				AfterProcessingInitializeOnLoad (10ms)
				EditorAssembliesLoaded (0ms)
			ExecutionOrderSort2 (0ms)
			AwakeInstancesAfterBackupRestoration (8ms)
Platform modules already initialized, skipping
Refreshing native plugins compatible for Editor in 0.46 ms, found 3 plugins.
Preloading 0 native plugins for Editor in 0.00 ms.
Unloading 2185 Unused Serialized files (Serialized files now loaded: 0)
System memory in use before: 99.3 MB.
System memory in use after: 99.4 MB.

Unloading 17 unused Assets to reduce memory usage. Loaded Objects now: 2663.
Total: 3.609300 ms (FindLiveObjects: 0.184900 ms CreateObjectMapping: 0.067500 ms MarkObjects: 3.336100 ms  DeleteObjects: 0.020000 ms)

AssetImportParameters requested are different than current active one (requested -> active):
  custom:framework-win-MediaFoundation: 216162199b28c13a410421893ffa2e32 -> 
  custom:video-decoder-ogg-theora: a1e56fd34408186e4bbccfd4996cb3dc -> 
  custom:container-muxer-webm: aa71ff27fc2769a1b78a27578f13a17b -> 
  custom:container-demuxer-webm: 4f35f7cbe854078d1ac9338744f61a02 -> 
  custom:container-demuxer-ogg: 62fdf1f143b41e24485cea50d1cbac27 -> 
  custom:video-encoder-webm-vp8: eb34c28f22e8b96e1ab97ce403110664 -> 
  custom:video-decoder-webm-vp8: 9c59270c3fd7afecdb556c50c9e8de78 -> 
  custom:audio-decoder-ogg-vorbis: bf7c407c2cedff20999df2af8eb42d56 -> 
  custom:audio-encoder-webm-vorbis: bf7c407c2cedff20999df2af8eb42d56 -> 
========================================================================
Received Import Request.
  Time since last request: 272.609314 seconds.
  path: Assets/_Phase1Sprites/Firepit.png
  artifactKey: Guid(2d87575179a1afc4199b0fcfb03d8c5d) Importer(815301076,1909f56bfc062723c751e8b465ee728b)
Start importing Assets/_Phase1Sprites/Firepit.png using Guid(2d87575179a1afc4199b0fcfb03d8c5d) Importer(815301076,1909f56bfc062723c751e8b465ee728b)  -> (artifact id: '78d175632c4f24362a82ac5eecff9eb6') in 0.052068 seconds 
  Import took 0.059102 seconds .

========================================================================
Received Import Request.
  Time since last request: 84.937536 seconds.
  path: ProjectSettings/TagManager.asset
  artifactKey: Guid(00000000000000003000000000000000) Importer(815301076,1909f56bfc062723c751e8b465ee728b)
Start importing ProjectSettings/TagManager.asset using Guid(00000000000000003000000000000000) Importer(815301076,1909f56bfc062723c751e8b465ee728b)  -> (artifact id: '95df672b4aaba54310d34c83eef51bb8') in 0.005358 seconds 
  Import took 0.009032 seconds .

========================================================================
Received Import Request.
  Time since last request: 118.902548 seconds.
  path: Assets/_Phase1Sprites/Firepit.png
  artifactKey: Guid(2d87575179a1afc4199b0fcfb03d8c5d) Importer(815301076,1909f56bfc062723c751e8b465ee728b)
Start importing Assets/_Phase1Sprites/Firepit.png using Guid(2d87575179a1afc4199b0fcfb03d8c5d) Importer(815301076,1909f56bfc062723c751e8b465ee728b)  -> (artifact id: '7cbaeb8eedd49cc20a7e9eb3ec055418') in 0.016942 seconds 
  Import took 0.023893 seconds .

========================================================================
Received Prepare
Registering precompiled user dll's ...
Registered in 0.005357 seconds.
Begin MonoManager ReloadAssembly
Native extension for WindowsStandalone target not found
Native extension for WebGL target not found
Refreshing native plugins compatible for Editor in 0.50 ms, found 3 plugins.
Preloading 0 native plugins for Editor in 0.00 ms.
Mono: successfully reloaded assembly
- Completed reload, in  1.163 seconds
Domain Reload Profiling:
	ReloadAssembly (1163ms)
		BeginReloadAssembly (123ms)
			ExecutionOrderSort (0ms)
			DisableScriptedObjects (7ms)
			BackupInstance (0ms)
			ReleaseScriptingObjects (0ms)
			CreateAndSetChildDomain (36ms)
		EndReloadAssembly (971ms)
			LoadAssemblies (98ms)
			RebuildTransferFunctionScriptingTraits (0ms)
			SetupTypeCache (386ms)
			ReleaseScriptCaches (1ms)
			RebuildScriptCaches (52ms)
			SetupLoadedEditorAssemblies (307ms)
				LogAssemblyErrors (0ms)
				InitializePlatformSupportModulesInManaged (5ms)
				SetLoadedEditorAssemblies (0ms)
				RefreshPlugins (1ms)
				BeforeProcessingInitializeOnLoad (89ms)
				ProcessInitializeOnLoadAttributes (192ms)
				ProcessInitializeOnLoadMethodAttributes (11ms)
				AfterProcessingInitializeOnLoad (8ms)
				EditorAssembliesLoaded (0ms)
			ExecutionOrderSort2 (0ms)
			AwakeInstancesAfterBackupRestoration (9ms)
Platform modules already initialized, skipping
Refreshing native plugins compatible for Editor in 0.47 ms, found 3 plugins.
Preloading 0 native plugins for Editor in 0.00 ms.
Unloading 2185 Unused Serialized files (Serialized files now loaded: 0)
System memory in use before: 99.3 MB.
System memory in use after: 99.4 MB.

Unloading 18 unused Assets to reduce memory usage. Loaded Objects now: 2668.
Total: 3.880900 ms (FindLiveObjects: 0.197800 ms CreateObjectMapping: 0.076100 ms MarkObjects: 3.588600 ms  DeleteObjects: 0.017400 ms)

AssetImportParameters requested are different than current active one (requested -> active):
  custom:framework-win-MediaFoundation: 216162199b28c13a410421893ffa2e32 -> 
  custom:video-decoder-ogg-theora: a1e56fd34408186e4bbccfd4996cb3dc -> 
  custom:container-muxer-webm: aa71ff27fc2769a1b78a27578f13a17b -> 
  custom:container-demuxer-webm: 4f35f7cbe854078d1ac9338744f61a02 -> 
  custom:container-demuxer-ogg: 62fdf1f143b41e24485cea50d1cbac27 -> 
  custom:video-encoder-webm-vp8: eb34c28f22e8b96e1ab97ce403110664 -> 
  custom:video-decoder-webm-vp8: 9c59270c3fd7afecdb556c50c9e8de78 -> 
  custom:audio-decoder-ogg-vorbis: bf7c407c2cedff20999df2af8eb42d56 -> 
  custom:audio-encoder-webm-vorbis: bf7c407c2cedff20999df2af8eb42d56 -> 
